<?xml version="1.0" encoding="UTF-8"?>
<testng-results skipped="0" failed="0" ignored="0" total="1" passed="1">
  <reporter-output>
  </reporter-output>
  <suite name="Default suite" duration-ms="44590" started-at="2018-06-13T18:12:24Z" finished-at="2018-06-13T18:13:08Z">
    <groups>
    </groups>
    <test name="Default test" duration-ms="44590" started-at="2018-06-13T18:12:24Z" finished-at="2018-06-13T18:13:08Z">
      <class name="ticketBooking.PHPtravelsLogin">
        <test-method status="PASS" signature="loginTo()[pri:0, instance:ticketBooking.PHPtravelsLogin@4bee09]" name="loginTo" duration-ms="44529" started-at="2018-06-13T18:12:24Z" finished-at="2018-06-13T18:13:08Z">
          <reporter-output>
          </reporter-output>
        </test-method> <!-- loginTo -->
      </class> <!-- ticketBooking.PHPtravelsLogin -->
    </test> <!-- Default test -->
  </suite> <!-- Default suite -->
</testng-results>
